Performing C SOURCE FILE Test CMAKE_HAVE_LIBC_PTHREAD failed with the following output:
Change Dir: /home/sibohao/Desktop/catkin_ws/build/CMakeFiles/CMakeTmp

Run Build Command(s):/usr/bin/make cmTC_e92cf/fast && /usr/bin/make -f CMakeFiles/cmTC_e92cf.dir/build.make CMakeFiles/cmTC_e92cf.dir/build
make[1]: Entering directory '/home/sibohao/Desktop/catkin_ws/build/CMakeFiles/CMakeTmp'
Building C object CMakeFiles/cmTC_e92cf.dir/src.c.o
/usr/bin/cc   -DCMAKE_HAVE_LIBC_PTHREAD   -o CMakeFiles/cmTC_e92cf.dir/src.c.o   -c /home/sibohao/Desktop/catkin_ws/build/CMakeFiles/CMakeTmp/src.c
Linking C executable cmTC_e92cf
/usr/local/bin/cmake -E cmake_link_script CMakeFiles/cmTC_e92cf.dir/link.txt --verbose=1
/usr/bin/cc  -DCMAKE_HAVE_LIBC_PTHREAD    -rdynamic CMakeFiles/cmTC_e92cf.dir/src.c.o  -o cmTC_e92cf 
CMakeFiles/cmTC_e92cf.dir/src.c.o: In function `main':
src.c:(.text+0x3e): undefined reference to `pthread_create'
src.c:(.text+0x4a): undefined reference to `pthread_detach'
src.c:(.text+0x5b): undefined reference to `pthread_join'
src.c:(.text+0x6f): undefined reference to `pthread_atfork'
collect2: error: ld returned 1 exit status
CMakeFiles/cmTC_e92cf.dir/build.make:86: recipe for target 'cmTC_e92cf' failed
make[1]: *** [cmTC_e92cf] Error 1
make[1]: Leaving directory '/home/sibohao/Desktop/catkin_ws/build/CMakeFiles/CMakeTmp'
Makefile:121: recipe for target 'cmTC_e92cf/fast' failed
make: *** [cmTC_e92cf/fast] Error 2


Source file was:
#include <pthread.h>

void* test_func(void* data)
{
  return data;
}

int main(void)
{
  pthread_t thread;
  pthread_create(&thread, NULL, test_func, NULL);
  pthread_detach(thread);
  pthread_join(thread, NULL);
  pthread_atfork(NULL, NULL, NULL);
  pthread_exit(NULL);

  return 0;
}

Determining if the function pthread_create exists in the pthreads failed with the following output:
Change Dir: /home/sibohao/Desktop/catkin_ws/build/CMakeFiles/CMakeTmp

Run Build Command(s):/usr/bin/make cmTC_2a3a9/fast && /usr/bin/make -f CMakeFiles/cmTC_2a3a9.dir/build.make CMakeFiles/cmTC_2a3a9.dir/build
make[1]: Entering directory '/home/sibohao/Desktop/catkin_ws/build/CMakeFiles/CMakeTmp'
Building C object CMakeFiles/cmTC_2a3a9.dir/CheckFunctionExists.c.o
/usr/bin/cc   -DCHECK_FUNCTION_EXISTS=pthread_create   -o CMakeFiles/cmTC_2a3a9.dir/CheckFunctionExists.c.o   -c /usr/local/share/cmake-3.16/Modules/CheckFunctionExists.c
Linking C executable cmTC_2a3a9
/usr/local/bin/cmake -E cmake_link_script CMakeFiles/cmTC_2a3a9.dir/link.txt --verbose=1
/usr/bin/cc  -DCHECK_FUNCTION_EXISTS=pthread_create    -rdynamic CMakeFiles/cmTC_2a3a9.dir/CheckFunctionExists.c.o  -o cmTC_2a3a9  -lpthreads 
/usr/bin/ld: cannot find -lpthreads
collect2: error: ld returned 1 exit status
CMakeFiles/cmTC_2a3a9.dir/build.make:86: recipe for target 'cmTC_2a3a9' failed
make[1]: *** [cmTC_2a3a9] Error 1
make[1]: Leaving directory '/home/sibohao/Desktop/catkin_ws/build/CMakeFiles/CMakeTmp'
Makefile:121: recipe for target 'cmTC_2a3a9/fast' failed
make: *** [cmTC_2a3a9/fast] Error 2



Determining if the include file opencv2/xfeatures2d/nonfree.hpp exists failed with the following output:
Change Dir: /home/sibohao/Desktop/catkin_ws/build/CMakeFiles/CMakeTmp

Run Build Command(s):/usr/bin/make cmTC_43a54/fast && /usr/bin/make -f CMakeFiles/cmTC_43a54.dir/build.make CMakeFiles/cmTC_43a54.dir/build
make[1]: Entering directory '/home/sibohao/Desktop/catkin_ws/build/CMakeFiles/CMakeTmp'
Building CXX object CMakeFiles/cmTC_43a54.dir/CheckIncludeFile.cxx.o
/usr/bin/c++    -std=c++11    -o CMakeFiles/cmTC_43a54.dir/CheckIncludeFile.cxx.o -c /home/sibohao/Desktop/catkin_ws/build/CMakeFiles/CMakeTmp/CheckIncludeFile.cxx
/home/sibohao/Desktop/catkin_ws/build/CMakeFiles/CMakeTmp/CheckIncludeFile.cxx:1:10: fatal error: opencv2/xfeatures2d/nonfree.hpp: No such file or directory
 #include <opencv2/xfeatures2d/nonfree.hpp>
          ^~~~~~~~~~~~~~~~~~~~~~~~~~~~~~~~~
compilation terminated.
CMakeFiles/cmTC_43a54.dir/build.make:65: recipe for target 'CMakeFiles/cmTC_43a54.dir/CheckIncludeFile.cxx.o' failed
make[1]: *** [CMakeFiles/cmTC_43a54.dir/CheckIncludeFile.cxx.o] Error 1
make[1]: Leaving directory '/home/sibohao/Desktop/catkin_ws/build/CMakeFiles/CMakeTmp'
Makefile:121: recipe for target 'cmTC_43a54/fast' failed
make: *** [cmTC_43a54/fast] Error 2



Determining if the include file opencv2/cudafeatures2d.hpp exists failed with the following output:
Change Dir: /home/sibohao/Desktop/catkin_ws/build/CMakeFiles/CMakeTmp

Run Build Command(s):/usr/bin/make cmTC_a1a7f/fast && /usr/bin/make -f CMakeFiles/cmTC_a1a7f.dir/build.make CMakeFiles/cmTC_a1a7f.dir/build
make[1]: Entering directory '/home/sibohao/Desktop/catkin_ws/build/CMakeFiles/CMakeTmp'
Building CXX object CMakeFiles/cmTC_a1a7f.dir/CheckIncludeFile.cxx.o
/usr/bin/c++    -std=c++11    -o CMakeFiles/cmTC_a1a7f.dir/CheckIncludeFile.cxx.o -c /home/sibohao/Desktop/catkin_ws/build/CMakeFiles/CMakeTmp/CheckIncludeFile.cxx
/home/sibohao/Desktop/catkin_ws/build/CMakeFiles/CMakeTmp/CheckIncludeFile.cxx:1:10: fatal error: opencv2/cudafeatures2d.hpp: No such file or directory
 #include <opencv2/cudafeatures2d.hpp>
          ^~~~~~~~~~~~~~~~~~~~~~~~~~~~
compilation terminated.
CMakeFiles/cmTC_a1a7f.dir/build.make:65: recipe for target 'CMakeFiles/cmTC_a1a7f.dir/CheckIncludeFile.cxx.o' failed
make[1]: *** [CMakeFiles/cmTC_a1a7f.dir/CheckIncludeFile.cxx.o] Error 1
make[1]: Leaving directory '/home/sibohao/Desktop/catkin_ws/build/CMakeFiles/CMakeTmp'
Makefile:121: recipe for target 'cmTC_a1a7f/fast' failed
make: *** [cmTC_a1a7f/fast] Error 2



